[INFO ] 2020-08-18 15:20:00 GameServer: ------------------------------------------------=[ Database ]
[INFO ] 2020-08-18 15:20:00 GameServer: -----------------------------------=[ Network Configuration ]
[INFO ] 2020-08-18 15:20:00 IPConfigData: Using automatic network configuration.
[INFO ] 2020-08-18 15:20:00 IPConfigData: Adding new subnet: 127.0.0.0/8 address: 127.0.0.1
[INFO ] 2020-08-18 15:20:00 IPConfigData: Adding new subnet: 192.168.1.0/24 address: 192.168.1.68
[INFO ] 2020-08-18 15:20:00 IPConfigData: Adding new subnet: 0.0.0.0/0 address: 186.242.101.44
[INFO ] 2020-08-18 15:20:01 ConnectionFactory: Using HikariCP connection pool.
[INFO ] 2020-08-18 15:20:01 DAOFactory: Using MySQL DAO Factory.
[INFO ] 2020-08-18 15:20:01 HikariDataSource: HikariPool-1 - Starting...
[INFO ] 2020-08-18 15:20:01 HikariDataSource: HikariPool-1 - Start completed.
[INFO ] 2020-08-18 15:20:01 IdFactory: Updated characters online status.
[INFO ] 2020-08-18 15:20:02 IdFactory: Cleaned 0 elements from database in 0s.
[INFO ] 2020-08-18 15:20:02 IdFactory: Cleaned 0 expired timestamps from database.
[INFO ] 2020-08-18 15:20:02 BitSetIDFactory: 102912 Ids available.
[INFO ] 2020-08-18 15:20:02 GameServer: ---------------------------------------------------=[ World ]
[INFO ] 2020-08-18 15:20:02 InstanceManager: Multiverse Instance created.
[INFO ] 2020-08-18 15:20:02 InstanceManager: Universe Instance created.
[INFO ] 2020-08-18 15:20:02 InstanceManager: Loaded 160 instance names.
[INFO ] 2020-08-18 15:20:03 L2World: 128 by 136 world region grid set up.
[INFO ] 2020-08-18 15:20:03 MapRegionManager: Loaded 57 map regions.
[INFO ] 2020-08-18 15:20:03 GlobalVariablesManager: Loaded 0 variables.
[INFO ] 2020-08-18 15:20:03 GameServer: ----------------------------------------------------=[ Data ]
[INFO ] 2020-08-18 15:20:03 CategoryData: Loaded 124 Categories.
[INFO ] 2020-08-18 15:20:03 SecondaryAuthData: Loaded 328 forbidden passwords.
[INFO ] 2020-08-18 15:20:03 GameServer: -------------------------------------------------=[ Effects ]
[INFO ] 2020-08-18 15:20:07 EffectMasterHandler: Loaded 160 effect handlers.
[INFO ] 2020-08-18 15:20:07 GameServer: ------------------------------------=[ Enchant Skill Groups ]
[INFO ] 2020-08-18 15:20:07 EnchantSkillGroupsData: Loaded 4 groups and 90 routes.
[INFO ] 2020-08-18 15:20:07 GameServer: ---------------------------------------------=[ Skill Trees ]
[INFO ] 2020-08-18 15:20:08 SkillTreesData: Loaded 17176 Class Skills for 103 Class Skill Trees.
[INFO ] 2020-08-18 15:20:08 SkillTreesData: Loaded 76 Sub-Class Skills.
[INFO ] 2020-08-18 15:20:08 SkillTreesData: Loaded 77 Transfer Skills for 3 Transfer Skill Trees.
[INFO ] 2020-08-18 15:20:08 SkillTreesData: Loaded 117 Fishing Skills, 8 Dwarven only Fishing Skills.
[INFO ] 2020-08-18 15:20:08 SkillTreesData: Loaded 3 Collect Skills.
[INFO ] 2020-08-18 15:20:08 SkillTreesData: Loaded 74 Pledge Skills, 44 for Pledge and 30 Residential.
[INFO ] 2020-08-18 15:20:08 SkillTreesData: Loaded 18 Sub-Pledge Skills.
[INFO ] 2020-08-18 15:20:08 SkillTreesData: Loaded 32 Transform Skills.
[INFO ] 2020-08-18 15:20:08 SkillTreesData: Loaded 8 Noble Skills.
[INFO ] 2020-08-18 15:20:08 SkillTreesData: Loaded 5 Hero Skills.
[INFO ] 2020-08-18 15:20:08 SkillTreesData: Loaded 46 Game Master Skills.
[INFO ] 2020-08-18 15:20:08 SkillTreesData: Loaded 46 Game Master Aura Skills.
[INFO ] 2020-08-18 15:20:08 GameServer: --------------------------------------------------=[ Skills ]
[INFO ] 2020-08-18 15:20:22 DocumentEngine: Loaded 65957 skill templates from XML files.
[INFO ] 2020-08-18 15:20:22 SummonSkillsTable: Loaded 1891 summon skills.
[INFO ] 2020-08-18 15:20:22 GameServer: ---------------------------------------------------=[ Items ]
[INFO ] 2020-08-18 15:20:24 ItemTable: Highest item Id used 22567.
[INFO ] 2020-08-18 15:20:24 ItemTable: Loaded 11481 Etc items.
[INFO ] 2020-08-18 15:20:24 ItemTable: Loaded 3825 Armor items.
[INFO ] 2020-08-18 15:20:24 ItemTable: Loaded 3893 Weapon items.
[INFO ] 2020-08-18 15:20:24 ItemTable: Loaded 19199 items in total.
[INFO ] 2020-08-18 15:20:24 EnchantItemGroupsData: Loaded 4 item group templates.
[INFO ] 2020-08-18 15:20:24 EnchantItemGroupsData: Loaded 1 scroll group templates.
[INFO ] 2020-08-18 15:20:24 EnchantItemData: Loaded 63 enchant scrolls.
[INFO ] 2020-08-18 15:20:24 EnchantItemData: Loaded 20 support items.
[INFO ] 2020-08-18 15:20:24 EnchantItemOptionsData: Loaded 23 items and 1093 options.
[INFO ] 2020-08-18 15:20:26 OptionData: Loaded 24985 item options.
[INFO ] 2020-08-18 15:20:26 EnchantItemHPBonusData: Loaded 6 Enchant HP Bonuses.
[INFO ] 2020-08-18 15:20:26 MerchantPriceConfigTable: Loaded 28 merchant price configs.
[INFO ] 2020-08-18 15:20:29 BuyListData: Loaded 760 buy lists.
[INFO ] 2020-08-18 15:20:30 MultisellData: Loaded 192 multisell lists.
[INFO ] 2020-08-18 15:20:30 RecipeData: Loaded 1000 recipes.
[INFO ] 2020-08-18 15:20:30 ArmorSetsData: Loaded 198 armor sets.
[INFO ] 2020-08-18 15:20:30 FishData: Loaded 278 fish.
[INFO ] 2020-08-18 15:20:30 FishingMonstersData: Loaded 8 fishing monsters.
[INFO ] 2020-08-18 15:20:30 FishingRodsData: Loaded 6 fishing rods.
[INFO ] 2020-08-18 15:20:30 HennaData: Loaded 180 Henna data.
[INFO ] 2020-08-18 15:20:30 GameServer: ----------------------------------------------=[ Characters ]
[INFO ] 2020-08-18 15:20:30 ClassListData: Loaded 107 class data.
[INFO ] 2020-08-18 15:20:30 InitialEquipmentData: Loaded 11 initial equipment data.
[INFO ] 2020-08-18 15:20:30 InitialShortcutData: Loaded 5 initial dlobal shortcuts data.
[INFO ] 2020-08-18 15:20:30 InitialShortcutData: Loaded 4 initial shortcuts data.
[INFO ] 2020-08-18 15:20:30 InitialShortcutData: Loaded 0 macros presets.
[INFO ] 2020-08-18 15:20:30 KarmaData: Loaded 85 karma modifiers.
[INFO ] 2020-08-18 15:20:30 HitConditionBonusData: Loaded Hit Condition bonuses.
[INFO ] 2020-08-18 15:20:31 PlayerTemplateData: Loaded 103 character templates.
[INFO ] 2020-08-18 15:20:31 PlayerTemplateData: Loaded 52530 level up gain records.
[INFO ] 2020-08-18 15:20:31 PlayerCreationPointData: Loaded 62 character creation points.
[INFO ] 2020-08-18 15:20:31 CharNameTable: Loaded 0 char names.
[INFO ] 2020-08-18 15:20:31 AdminData: Loaded 10 access levels.
[INFO ] 2020-08-18 15:20:31 AdminData: Loaded 444 access commands.
[INFO ] 2020-08-18 15:20:31 RaidBossPointsManager: Loaded 0 characters raid points.
[INFO ] 2020-08-18 15:20:31 PetDataTable: Loaded 52 Pets.
[INFO ] 2020-08-18 15:20:31 GameServer: -----------------------------------------------------=[ BBS ]
[INFO ] 2020-08-18 15:20:31 ForumsBBSManager: Loaded 4 forums.
[INFO ] 2020-08-18 15:20:31 GameServer: ---------------------------------------------------=[ Clans ]
[INFO ] 2020-08-18 15:20:31 ClanTable: Restored 0 clans from the database.
[INFO ] 2020-08-18 15:20:31 AuctionManager: Loaded 0 auction(s).
[INFO ] 2020-08-18 15:20:31 AuctionManager: Created auction for clan hall Id 22.
[INFO ] 2020-08-18 15:20:31 AuctionManager: Created auction for clan hall Id 23.
[INFO ] 2020-08-18 15:20:31 AuctionManager: Created auction for clan hall Id 24.
[INFO ] 2020-08-18 15:20:31 AuctionManager: Created auction for clan hall Id 25.
[INFO ] 2020-08-18 15:20:31 AuctionManager: Created auction for clan hall Id 26.
[INFO ] 2020-08-18 15:20:31 AuctionManager: Created auction for clan hall Id 27.
[INFO ] 2020-08-18 15:20:31 AuctionManager: Created auction for clan hall Id 28.
[INFO ] 2020-08-18 15:20:31 AuctionManager: Created auction for clan hall Id 29.
[INFO ] 2020-08-18 15:20:31 AuctionManager: Created auction for clan hall Id 30.
[INFO ] 2020-08-18 15:20:31 AuctionManager: Created auction for clan hall Id 31.
[INFO ] 2020-08-18 15:20:31 AuctionManager: Created auction for clan hall Id 32.
[INFO ] 2020-08-18 15:20:31 AuctionManager: Created auction for clan hall Id 33.
[INFO ] 2020-08-18 15:20:31 AuctionManager: Created auction for clan hall Id 36.
[INFO ] 2020-08-18 15:20:31 AuctionManager: Created auction for clan hall Id 37.
[INFO ] 2020-08-18 15:20:31 AuctionManager: Created auction for clan hall Id 38.
[INFO ] 2020-08-18 15:20:31 AuctionManager: Created auction for clan hall Id 39.
[INFO ] 2020-08-18 15:20:31 AuctionManager: Created auction for clan hall Id 40.
[INFO ] 2020-08-18 15:20:31 AuctionManager: Created auction for clan hall Id 41.
[INFO ] 2020-08-18 15:20:31 AuctionManager: Created auction for clan hall Id 42.
[INFO ] 2020-08-18 15:20:31 AuctionManager: Created auction for clan hall Id 43.
[INFO ] 2020-08-18 15:20:31 AuctionManager: Created auction for clan hall Id 44.
[INFO ] 2020-08-18 15:20:31 AuctionManager: Created auction for clan hall Id 45.
[INFO ] 2020-08-18 15:20:31 AuctionManager: Created auction for clan hall Id 46.
[INFO ] 2020-08-18 15:20:31 AuctionManager: Created auction for clan hall Id 47.
[INFO ] 2020-08-18 15:20:31 AuctionManager: Created auction for clan hall Id 48.
[INFO ] 2020-08-18 15:20:31 AuctionManager: Created auction for clan hall Id 49.
[INFO ] 2020-08-18 15:20:31 AuctionManager: Created auction for clan hall Id 50.
[INFO ] 2020-08-18 15:20:31 AuctionManager: Created auction for clan hall Id 51.
[INFO ] 2020-08-18 15:20:31 AuctionManager: Created auction for clan hall Id 52.
[INFO ] 2020-08-18 15:20:31 AuctionManager: Created auction for clan hall Id 53.
[INFO ] 2020-08-18 15:20:31 AuctionManager: Created auction for clan hall Id 54.
[INFO ] 2020-08-18 15:20:31 AuctionManager: Created auction for clan hall Id 55.
[INFO ] 2020-08-18 15:20:31 AuctionManager: Created auction for clan hall Id 56.
[INFO ] 2020-08-18 15:20:31 AuctionManager: Created auction for clan hall Id 57.
[INFO ] 2020-08-18 15:20:31 AuctionManager: Created auction for clan hall Id 58.
[INFO ] 2020-08-18 15:20:31 AuctionManager: Created auction for clan hall Id 59.
[INFO ] 2020-08-18 15:20:31 AuctionManager: Created auction for clan hall Id 60.
[INFO ] 2020-08-18 15:20:31 AuctionManager: Created auction for clan hall Id 61.
[INFO ] 2020-08-18 15:20:31 ClanHallManager: Loaded 0 clan halls.
[INFO ] 2020-08-18 15:20:31 ClanHallManager: Loaded 38 free clan halls.
[INFO ] 2020-08-18 15:20:31 ClanHallSiegeManager: Loaded 6 conquerable clan halls.
[INFO ] 2020-08-18 15:20:31 GameServer: -------------------------------------------------=[ Geodata ]
[INFO ] 2020-08-18 15:20:32 GeoData: Loading 11_23.l2j...
[INFO ] 2020-08-18 15:20:32 GeoData: Loading 11_24.l2j...
[INFO ] 2020-08-18 15:20:32 GeoData: Loading 11_25.l2j...
[INFO ] 2020-08-18 15:20:32 GeoData: Loading 11_26.l2j...
[INFO ] 2020-08-18 15:20:32 GeoData: Loading 12_23.l2j...
[INFO ] 2020-08-18 15:20:32 GeoData: Loading 12_24.l2j...
[INFO ] 2020-08-18 15:20:32 GeoData: Loading 12_25.l2j...
[INFO ] 2020-08-18 15:20:32 GeoData: Loading 12_26.l2j...
[INFO ] 2020-08-18 15:20:32 GeoData: Loading 13_21.l2j...
[INFO ] 2020-08-18 15:20:32 GeoData: Loading 13_22.l2j...
[INFO ] 2020-08-18 15:20:32 GeoData: Loading 13_23.l2j...
[INFO ] 2020-08-18 15:20:32 GeoData: Loading 13_24.l2j...
[INFO ] 2020-08-18 15:20:32 GeoData: Loading 13_25.l2j...
[INFO ] 2020-08-18 15:20:32 GeoData: Loading 13_26.l2j...
[INFO ] 2020-08-18 15:20:32 GeoData: Loading 14_21.l2j...
[INFO ] 2020-08-18 15:20:32 GeoData: Loading 14_22.l2j...
[INFO ] 2020-08-18 15:20:32 GeoData: Loading 14_23.l2j...
[INFO ] 2020-08-18 15:20:32 GeoData: Loading 14_24.l2j...
[INFO ] 2020-08-18 15:20:32 GeoData: Loading 14_25.l2j...
[INFO ] 2020-08-18 15:20:32 GeoData: Loading 14_26.l2j...
[INFO ] 2020-08-18 15:20:32 GeoData: Loading 15_10.l2j...
[INFO ] 2020-08-18 15:20:32 GeoData: Loading 15_11.l2j...
[INFO ] 2020-08-18 15:20:32 GeoData: Loading 15_12.l2j...
[INFO ] 2020-08-18 15:20:32 GeoData: Loading 15_18.l2j...
[INFO ] 2020-08-18 15:20:32 GeoData: Loading 15_19.l2j...
[INFO ] 2020-08-18 15:20:32 GeoData: Loading 15_20.l2j...
[INFO ] 2020-08-18 15:20:32 GeoData: Loading 15_21.l2j...
[INFO ] 2020-08-18 15:20:32 GeoData: Loading 15_22.l2j...
[INFO ] 2020-08-18 15:20:32 GeoData: Loading 15_23.l2j...
[INFO ] 2020-08-18 15:20:32 GeoData: Loading 15_24.l2j...
[INFO ] 2020-08-18 15:20:32 GeoData: Loading 15_25.l2j...
[INFO ] 2020-08-18 15:20:32 GeoData: Loading 15_26.l2j...
[INFO ] 2020-08-18 15:20:32 GeoData: Loading 16_10.l2j...
[INFO ] 2020-08-18 15:20:32 GeoData: Loading 16_11.l2j...
[INFO ] 2020-08-18 15:20:32 GeoData: Loading 16_12.l2j...
[INFO ] 2020-08-18 15:20:32 GeoData: Loading 16_13.l2j...
[INFO ] 2020-08-18 15:20:32 GeoData: Loading 16_14.l2j...
[INFO ] 2020-08-18 15:20:32 GeoData: Loading 16_15.l2j...
[INFO ] 2020-08-18 15:20:32 GeoData: Loading 16_16.l2j...
[INFO ] 2020-08-18 15:20:32 GeoData: Loading 16_17.l2j...
[INFO ] 2020-08-18 15:20:32 GeoData: Loading 16_18.l2j...
[INFO ] 2020-08-18 15:20:32 GeoData: Loading 16_19.l2j...
[INFO ] 2020-08-18 15:20:32 GeoData: Loading 16_20.l2j...
[INFO ] 2020-08-18 15:20:32 GeoData: Loading 16_21.l2j...
[INFO ] 2020-08-18 15:20:32 GeoData: Loading 16_22.l2j...
[INFO ] 2020-08-18 15:20:32 GeoData: Loading 16_23.l2j...
[INFO ] 2020-08-18 15:20:32 GeoData: Loading 16_24.l2j...
[INFO ] 2020-08-18 15:20:32 GeoData: Loading 16_25.l2j...
[INFO ] 2020-08-18 15:20:32 GeoData: Loading 16_26.l2j...
[INFO ] 2020-08-18 15:20:32 GeoData: Loading 17_10.l2j...
[INFO ] 2020-08-18 15:20:32 GeoData: Loading 17_11.l2j...
[INFO ] 2020-08-18 15:20:32 GeoData: Loading 17_12.l2j...
[INFO ] 2020-08-18 15:20:32 GeoData: Loading 17_13.l2j...
[INFO ] 2020-08-18 15:20:33 GeoData: Loading 17_14.l2j...
[INFO ] 2020-08-18 15:20:33 GeoData: Loading 17_15.l2j...
[INFO ] 2020-08-18 15:20:33 GeoData: Loading 17_16.l2j...
[INFO ] 2020-08-18 15:20:33 GeoData: Loading 17_17.l2j...
[INFO ] 2020-08-18 15:20:33 GeoData: Loading 17_18.l2j...
[INFO ] 2020-08-18 15:20:33 GeoData: Loading 17_19.l2j...
[INFO ] 2020-08-18 15:20:33 GeoData: Loading 17_20.l2j...
[INFO ] 2020-08-18 15:20:33 GeoData: Loading 17_21.l2j...
[INFO ] 2020-08-18 15:20:33 GeoData: Loading 17_22.l2j...
[INFO ] 2020-08-18 15:20:33 GeoData: Loading 17_23.l2j...
[INFO ] 2020-08-18 15:20:33 GeoData: Loading 17_24.l2j...
[INFO ] 2020-08-18 15:20:33 GeoData: Loading 17_25.l2j...
[INFO ] 2020-08-18 15:20:33 GeoData: Loading 17_26.l2j...
[INFO ] 2020-08-18 15:20:33 GeoData: Loading 18_10.l2j...
[INFO ] 2020-08-18 15:20:33 GeoData: Loading 18_11.l2j...
[INFO ] 2020-08-18 15:20:33 GeoData: Loading 18_12.l2j...
[INFO ] 2020-08-18 15:20:33 GeoData: Loading 18_13.l2j...
[INFO ] 2020-08-18 15:20:33 GeoData: Loading 18_14.l2j...
[INFO ] 2020-08-18 15:20:33 GeoData: Loading 18_15.l2j...
[INFO ] 2020-08-18 15:20:33 GeoData: Loading 18_16.l2j...
[INFO ] 2020-08-18 15:20:33 GeoData: Loading 18_17.l2j...
[INFO ] 2020-08-18 15:20:33 GeoData: Loading 18_18.l2j...
[INFO ] 2020-08-18 15:20:33 GeoData: Loading 18_19.l2j...
[INFO ] 2020-08-18 15:20:33 GeoData: Loading 18_20.l2j...
[INFO ] 2020-08-18 15:20:33 GeoData: Loading 18_21.l2j...
[INFO ] 2020-08-18 15:20:33 GeoData: Loading 18_22.l2j...
[INFO ] 2020-08-18 15:20:33 GeoData: Loading 18_23.l2j...
[INFO ] 2020-08-18 15:20:33 GeoData: Loading 18_24.l2j...
[INFO ] 2020-08-18 15:20:33 GeoData: Loading 18_25.l2j...
[INFO ] 2020-08-18 15:20:33 GeoData: Loading 18_26.l2j...
[INFO ] 2020-08-18 15:20:34 GeoData: Loading 19_10.l2j...
[INFO ] 2020-08-18 15:20:34 GeoData: Loading 19_11.l2j...
[INFO ] 2020-08-18 15:20:34 GeoData: Loading 19_12.l2j...
[INFO ] 2020-08-18 15:20:34 GeoData: Loading 19_13.l2j...
[INFO ] 2020-08-18 15:20:34 GeoData: Loading 19_14.l2j...
[INFO ] 2020-08-18 15:20:34 GeoData: Loading 19_15.l2j...
[INFO ] 2020-08-18 15:20:34 GeoData: Loading 19_16.l2j...
[INFO ] 2020-08-18 15:20:34 GeoData: Loading 19_17.l2j...
[INFO ] 2020-08-18 15:20:34 GeoData: Loading 19_18.l2j...
[INFO ] 2020-08-18 15:20:34 GeoData: Loading 19_19.l2j...
[INFO ] 2020-08-18 15:20:34 GeoData: Loading 19_20.l2j...
[INFO ] 2020-08-18 15:20:34 GeoData: Loading 19_21.l2j...
[INFO ] 2020-08-18 15:20:34 GeoData: Loading 19_22.l2j...
[INFO ] 2020-08-18 15:20:34 GeoData: Loading 19_23.l2j...
[INFO ] 2020-08-18 15:20:34 GeoData: Loading 19_24.l2j...
[INFO ] 2020-08-18 15:20:34 GeoData: Loading 19_25.l2j...
[INFO ] 2020-08-18 15:20:35 GeoData: Loading 19_26.l2j...
[INFO ] 2020-08-18 15:20:35 GeoData: Loading 20_10.l2j...
[INFO ] 2020-08-18 15:20:35 GeoData: Loading 20_11.l2j...
[INFO ] 2020-08-18 15:20:35 GeoData: Loading 20_12.l2j...
[INFO ] 2020-08-18 15:20:35 GeoData: Loading 20_13.l2j...
[INFO ] 2020-08-18 15:20:36 GeoData: Loading 20_14.l2j...
[INFO ] 2020-08-18 15:20:36 GeoData: Loading 20_15.l2j...
[INFO ] 2020-08-18 15:20:36 GeoData: Loading 20_16.l2j...
[INFO ] 2020-08-18 15:20:36 GeoData: Loading 20_17.l2j...
[INFO ] 2020-08-18 15:20:36 GeoData: Loading 20_18.l2j...
[INFO ] 2020-08-18 15:20:36 GeoData: Loading 20_19.l2j...
[INFO ] 2020-08-18 15:20:36 GeoData: Loading 20_20.l2j...
[INFO ] 2020-08-18 15:20:37 GeoData: Loading 20_21.l2j...
[INFO ] 2020-08-18 15:20:37 GeoData: Loading 20_22.l2j...
[INFO ] 2020-08-18 15:20:37 GeoData: Loading 20_23.l2j...
[INFO ] 2020-08-18 15:20:37 GeoData: Loading 20_24.l2j...
[INFO ] 2020-08-18 15:20:37 GeoData: Loading 20_25.l2j...
[INFO ] 2020-08-18 15:20:37 GeoData: Loading 20_26.l2j...
[INFO ] 2020-08-18 15:20:37 GeoData: Loading 21_10.l2j...
[INFO ] 2020-08-18 15:20:37 GeoData: Loading 21_11.l2j...
[INFO ] 2020-08-18 15:20:37 GeoData: Loading 21_12.l2j...
[INFO ] 2020-08-18 15:20:37 GeoData: Loading 21_13.l2j...
[INFO ] 2020-08-18 15:20:37 GeoData: Loading 21_14.l2j...
[INFO ] 2020-08-18 15:20:37 GeoData: Loading 21_15.l2j...
[INFO ] 2020-08-18 15:20:37 GeoData: Loading 21_16.l2j...
[INFO ] 2020-08-18 15:20:38 GeoData: Loading 21_17.l2j...
[INFO ] 2020-08-18 15:20:38 GeoData: Loading 21_18.l2j...
[INFO ] 2020-08-18 15:20:38 GeoData: Loading 21_19.l2j...
[INFO ] 2020-08-18 15:20:38 GeoData: Loading 21_20.l2j...
[INFO ] 2020-08-18 15:20:38 GeoData: Loading 21_21.l2j...
[INFO ] 2020-08-18 15:20:39 GeoData: Loading 21_22.l2j...
[INFO ] 2020-08-18 15:20:39 GeoData: Loading 21_23.l2j...
[INFO ] 2020-08-18 15:20:39 GeoData: Loading 21_24.l2j...
[INFO ] 2020-08-18 15:20:39 GeoData: Loading 21_25.l2j...
[INFO ] 2020-08-18 15:20:39 GeoData: Loading 22_10.l2j...
[INFO ] 2020-08-18 15:20:39 GeoData: Loading 22_11.l2j...
[INFO ] 2020-08-18 15:20:39 GeoData: Loading 22_12.l2j...
[INFO ] 2020-08-18 15:20:39 GeoData: Loading 22_13.l2j...
[INFO ] 2020-08-18 15:20:39 GeoData: Loading 22_14.l2j...
[INFO ] 2020-08-18 15:20:39 GeoData: Loading 22_15.l2j...
[INFO ] 2020-08-18 15:20:39 GeoData: Loading 22_16.l2j...
[INFO ] 2020-08-18 15:20:39 GeoData: Loading 22_17.l2j...
[INFO ] 2020-08-18 15:20:39 GeoData: Loading 22_18.l2j...
[INFO ] 2020-08-18 15:20:40 GeoData: Loading 22_19.l2j...
[INFO ] 2020-08-18 15:20:40 GeoData: Loading 22_20.l2j...
[INFO ] 2020-08-18 15:20:40 GeoData: Loading 22_21.l2j...
[INFO ] 2020-08-18 15:20:40 GeoData: Loading 22_22.l2j...
[INFO ] 2020-08-18 15:20:40 GeoData: Loading 22_23.l2j...
[INFO ] 2020-08-18 15:20:40 GeoData: Loading 22_24.l2j...
[INFO ] 2020-08-18 15:20:40 GeoData: Loading 22_25.l2j...
[INFO ] 2020-08-18 15:20:40 GeoData: Loading 22_26.l2j...
[INFO ] 2020-08-18 15:20:40 GeoData: Loading 23_10.l2j...
[INFO ] 2020-08-18 15:20:40 GeoData: Loading 23_11.l2j...
[INFO ] 2020-08-18 15:20:40 GeoData: Loading 23_12.l2j...
[INFO ] 2020-08-18 15:20:40 GeoData: Loading 23_13.l2j...
[INFO ] 2020-08-18 15:20:40 GeoData: Loading 23_14.l2j...
[INFO ] 2020-08-18 15:20:40 GeoData: Loading 23_15.l2j...
[INFO ] 2020-08-18 15:20:41 GeoData: Loading 23_16.l2j...
[INFO ] 2020-08-18 15:20:41 GeoData: Loading 23_17.l2j...
[INFO ] 2020-08-18 15:20:41 GeoData: Loading 23_18.l2j...
[INFO ] 2020-08-18 15:20:41 GeoData: Loading 23_19.l2j...
[INFO ] 2020-08-18 15:20:41 GeoData: Loading 23_20.l2j...
[INFO ] 2020-08-18 15:20:41 GeoData: Loading 23_21.l2j...
[INFO ] 2020-08-18 15:20:42 GeoData: Loading 23_22.l2j...
[INFO ] 2020-08-18 15:20:42 GeoData: Loading 23_23.l2j...
[INFO ] 2020-08-18 15:20:42 GeoData: Loading 23_24.l2j...
[INFO ] 2020-08-18 15:20:42 GeoData: Loading 23_25.l2j...
[INFO ] 2020-08-18 15:20:42 GeoData: Loading 23_26.l2j...
[INFO ] 2020-08-18 15:20:42 GeoData: Loading 24_10.l2j...
[INFO ] 2020-08-18 15:20:42 GeoData: Loading 24_11.l2j...
[INFO ] 2020-08-18 15:20:42 GeoData: Loading 24_12.l2j...
[INFO ] 2020-08-18 15:20:42 GeoData: Loading 24_13.l2j...
[INFO ] 2020-08-18 15:20:43 GeoData: Loading 24_14.l2j...
[INFO ] 2020-08-18 15:20:43 GeoData: Loading 24_15.l2j...
[INFO ] 2020-08-18 15:20:43 GeoData: Loading 24_16.l2j...
[INFO ] 2020-08-18 15:20:43 GeoData: Loading 24_17.l2j...
[INFO ] 2020-08-18 15:20:43 GeoData: Loading 24_18.l2j...
[INFO ] 2020-08-18 15:20:44 GeoData: Loading 24_19.l2j...
[INFO ] 2020-08-18 15:20:44 GeoData: Loading 24_20.l2j...
[INFO ] 2020-08-18 15:20:44 GeoData: Loading 24_21.l2j...
[INFO ] 2020-08-18 15:20:44 GeoData: Loading 24_22.l2j...
[INFO ] 2020-08-18 15:20:44 GeoData: Loading 24_23.l2j...
[INFO ] 2020-08-18 15:20:44 GeoData: Loading 24_24.l2j...
[INFO ] 2020-08-18 15:20:44 GeoData: Loading 24_25.l2j...
[INFO ] 2020-08-18 15:20:44 GeoData: Loading 24_26.l2j...
[INFO ] 2020-08-18 15:20:44 GeoData: Loading 25_10.l2j...
[INFO ] 2020-08-18 15:20:45 GeoData: Loading 25_11.l2j...
[INFO ] 2020-08-18 15:20:45 GeoData: Loading 25_12.l2j...
[INFO ] 2020-08-18 15:20:45 GeoData: Loading 25_14.l2j...
[INFO ] 2020-08-18 15:20:45 GeoData: Loading 25_15.l2j...
[INFO ] 2020-08-18 15:20:45 GeoData: Loading 25_16.l2j...
[INFO ] 2020-08-18 15:20:46 GeoData: Loading 25_17.l2j...
[INFO ] 2020-08-18 15:20:46 GeoData: Loading 25_18.l2j...
[INFO ] 2020-08-18 15:20:46 GeoData: Loading 25_19.l2j...
[INFO ] 2020-08-18 15:20:46 GeoData: Loading 25_20.l2j...
[INFO ] 2020-08-18 15:20:47 GeoData: Loading 25_21.l2j...
[INFO ] 2020-08-18 15:20:47 GeoData: Loading 25_22.l2j...
[INFO ] 2020-08-18 15:20:47 GeoData: Loading 25_23.l2j...
[INFO ] 2020-08-18 15:20:47 GeoData: Loading 25_24.l2j...
[INFO ] 2020-08-18 15:20:47 GeoData: Loading 26_11.l2j...
[INFO ] 2020-08-18 15:20:47 GeoData: Loading 26_12.l2j...
[INFO ] 2020-08-18 15:20:47 GeoData: Loading 26_14.l2j...
[INFO ] 2020-08-18 15:20:47 GeoData: Loading 26_15.l2j...
[INFO ] 2020-08-18 15:20:47 GeoData: Loading 26_16.l2j...
[INFO ] 2020-08-18 15:20:47 GeoData: Loaded 203 regions.
[INFO ] 2020-08-18 15:20:47 GameServer: ----------------------------------------------------=[ NPCs ]
[INFO ] 2020-08-18 15:20:47 SkillLearnData: Loaded 256 skill learn data.
[INFO ] 2020-08-18 15:20:47 NpcData$MinionData: Loaded 128 minions data.
[INFO ] 2020-08-18 15:21:01 NpcData: Loaded 10461 NPCs.
[INFO ] 2020-08-18 15:21:01 WalkingManager: Loaded 121 walking routes.
[INFO ] 2020-08-18 15:21:01 StaticObjectData: Loaded 51 static object templates.
[INFO ] 2020-08-18 15:21:01 GrandBossManager: Queen Ant (29001) status is 0.
[INFO ] 2020-08-18 15:21:01 GrandBossManager: Core (29006) status is 0.
[INFO ] 2020-08-18 15:21:01 GrandBossManager: Orfen (29014) status is 0.
[INFO ] 2020-08-18 15:21:01 GrandBossManager: Baium (29020) status is 0.
[INFO ] 2020-08-18 15:21:01 GrandBossManager: Valakas (29028) status is 0.
[INFO ] 2020-08-18 15:21:01 GrandBossManager: Antharas (29068) status is 0.
[INFO ] 2020-08-18 15:21:01 GrandBossManager: Beleth (29118) status is 0.
[INFO ] 2020-08-18 15:21:01 GrandBossManager: Loaded 7 grand boss instances.
[INFO ] 2020-08-18 15:21:02 DoorData: Loaded 1301 door templates for 22 regions.
[INFO ] 2020-08-18 15:21:06 ZoneManager: Loaded 28 zone classes and 2793 zones.
[INFO ] 2020-08-18 15:21:06 ZoneManager: Loaded 0 NPC spawn territoriers.
[INFO ] 2020-08-18 15:21:06 CastleManager: Loaded 9 castles.
[INFO ] 2020-08-18 15:21:06 NpcBufferTable: Loaded 1 buffers and 10 skills.
[INFO ] 2020-08-18 15:21:06 GrandBossManager: Initialized 12 grand boss zones.
[INFO ] 2020-08-18 15:21:06 GameServer: -----------------------------------------=[ Auction Manager ]
[INFO ] 2020-08-18 15:21:07 ItemAuctionInstance: Loaded 82 item(s) and registered 0 auction(s) for NPC ID 32320.
[INFO ] 2020-08-18 15:21:07 ItemAuctionInstance: Schedule next auction ID 1 on 17:00:00 21.08.20 for NPC ID 32320.
[INFO ] 2020-08-18 15:21:07 ItemAuctionInstance: Loaded 82 item(s) and registered 0 auction(s) for NPC ID 32321.
[INFO ] 2020-08-18 15:21:07 ItemAuctionInstance: Schedule next auction ID 2 on 17:00:00 24.08.20 for NPC ID 32321.
[INFO ] 2020-08-18 15:21:07 ItemAuctionInstance: Loaded 82 item(s) and registered 0 auction(s) for NPC ID 32322.
[INFO ] 2020-08-18 15:21:07 ItemAuctionInstance: Schedule next auction ID 3 on 17:00:00 19.08.20 for NPC ID 32322.
[INFO ] 2020-08-18 15:21:07 ItemAuctionManager: Loaded 3 auction manager instance(s).
[INFO ] 2020-08-18 15:21:07 GameServer: ------------------------------------------------=[ Olympiad ]
[INFO ] 2020-08-18 15:21:07 Olympiad: Failed to load data from database, trying to load from file.
[INFO ] 2020-08-18 15:21:07 Olympiad: Loading Olympiad System....
[INFO ] 2020-08-18 15:21:07 Olympiad: Currently in Olympiad Period
[INFO ] 2020-08-18 15:21:07 Olympiad: 19958 minutes until period ends
[INFO ] 2020-08-18 15:21:07 Olympiad: Next weekly change is in 10079 minutes
[INFO ] 2020-08-18 15:21:07 Olympiad: Loaded 0 Nobles
[INFO ] 2020-08-18 15:21:07 Olympiad: Competition Period Starts in 0 days, 2 hours and 38 mins.
[INFO ] 2020-08-18 15:21:08 Olympiad: Event starts/started : Tue Aug 18 18:00:07 BRT 2020
[INFO ] 2020-08-18 15:21:08 Hero: Loaded 0 Heroes.
[INFO ] 2020-08-18 15:21:08 Hero: Loaded 0 all time Heroes.
[INFO ] 2020-08-18 15:21:08 GameServer: ---------------------------------------------=[ Seven Signs ]
[INFO ] 2020-08-18 15:21:08 SevenSigns: Currently in the Competition (Quest Event) period.
[INFO ] 2020-08-18 15:21:08 SevenSigns: The Seal of Avarice remains unclaimed.
[INFO ] 2020-08-18 15:21:08 SevenSigns: The Seal of Gnosis remains unclaimed.
[INFO ] 2020-08-18 15:21:08 SevenSigns: The Seal of Strife remains unclaimed.
[INFO ] 2020-08-18 15:21:08 SevenSigns: The competition, if the current trend continues, will end in a tie this week.
[INFO ] 2020-08-18 15:21:08 SevenSigns: Next period change set to 2020-08-24T18:00:08.403-0300.
[INFO ] 2020-08-18 15:21:08 SevenSigns: Next period begins in 6 days, 2 hours and 38 mins.
[INFO ] 2020-08-18 15:21:08 GameServer: ---------------------------------------------------=[ Cache ]
[INFO ] 2020-08-18 15:21:08 HtmCache: Running lazy cache.
[INFO ] 2020-08-18 15:21:10 CrestTable: Loaded 0 crests.
[INFO ] 2020-08-18 15:21:10 TeleportLocationTable: Loaded 957 teleport location templates.
[INFO ] 2020-08-18 15:21:10 UIData: Loaded 4 keys 5 categories.
[INFO ] 2020-08-18 15:21:10 AugmentationData: Loaded 33960 augmentations.
[INFO ] 2020-08-18 15:21:10 AugmentationData: Loaded 2754 accessory augmentations.
[INFO ] 2020-08-18 15:21:10 CursedWeaponsManager: Loaded 2 cursed weapon(s).
[INFO ] 2020-08-18 15:21:11 TransformData: Loaded 111 transform templates.
[INFO ] 2020-08-18 15:21:12 BotReportTable: Loaded 0 bot reports.
[INFO ] 2020-08-18 15:21:12 AirShipManager: Loaded 0 private airships.
[INFO ] 2020-08-18 15:21:12 GameServer: ------------------------------------------------=[ Handlers ]
[INFO ] 2020-08-18 15:21:24 MasterHandler: Loaded 1 Voiced Command Handler.
[INFO ] 2020-08-18 15:21:24 MasterHandler: Loaded 10 Action Handler.
[INFO ] 2020-08-18 15:21:24 MasterHandler: Loaded 6 Action Shift Handler.
[INFO ] 2020-08-18 15:21:24 MasterHandler: Loaded 447 Admin Command Handler.
[INFO ] 2020-08-18 15:21:24 MasterHandler: Loaded 48 Bypass Handler.
[INFO ] 2020-08-18 15:21:24 MasterHandler: Loaded 14 Chat Handler.
[INFO ] 2020-08-18 15:21:24 MasterHandler: Loaded 15 Community Board Handler.
[INFO ] 2020-08-18 15:21:24 MasterHandler: Loaded 31 Item Handler.
[INFO ] 2020-08-18 15:21:24 MasterHandler: Loaded 3 Punishment Handler.
[INFO ] 2020-08-18 15:21:24 MasterHandler: Loaded 17 User Command Handler.
[INFO ] 2020-08-18 15:21:24 MasterHandler: Loaded 37 Target Handler.
[INFO ] 2020-08-18 15:21:24 MasterHandler: Loaded 20 Telnet Handler.
[INFO ] 2020-08-18 15:21:24 GameServer: ------------------------------------------------------=[ AI ]
[INFO ] 2020-08-18 15:21:36 NpcBuffersData: Loaded 33 buffers data.
[INFO ] 2020-08-18 15:21:36 HandysBlockCheckerEvent: Loaded Handy's Block Checker event.
[INFO ] 2020-08-18 15:21:36 AILoader: Loaded 179 AI scripts.
[INFO ] 2020-08-18 15:21:36 GameServer: -----------------------------------------------=[ Instances ]
[INFO ] 2020-08-18 15:21:43 InstanceLoader: Loaded 30 instnaces.
[INFO ] 2020-08-18 15:21:43 GameServer: --------------------------------------------------=[ Gracia ]
[INFO ] 2020-08-18 15:21:47 GraciaLoader: Loaded 20 Gracia scripts.
[INFO ] 2020-08-18 15:21:47 GameServer: -----------------------------------------------=[ Hellbound ]
[INFO ] 2020-08-18 15:21:50 HellboundPointData: Loaded 47 trust point reward data.
[INFO ] 2020-08-18 15:21:50 HellboundSpawns: Loaded 598 Hellbound spawns.
[INFO ] 2020-08-18 15:21:50 HellboundEngine: Level 0.
[INFO ] 2020-08-18 15:21:50 HellboundEngine: Trust 0.
[INFO ] 2020-08-18 15:21:50 HellboundEngine: Status locked.
[INFO ] 2020-08-18 15:21:50 RaidBossSpawnManager: Spawning raid bosses...
[INFO ] 2020-08-18 15:21:50 RaidBossSpawnManager: Loaded 187 bosses.
[INFO ] 2020-08-18 15:21:50 RaidBossSpawnManager: Scheduled 0 boss instances.
[INFO ] 2020-08-18 15:21:50 HellboundLoader: Loaded 34 Hellbound scripts.
[INFO ] 2020-08-18 15:21:50 GameServer: --------------------------------------------------=[ Quests ]
[INFO ] 2020-08-18 15:22:09 Q00350_EnhanceYourWeapon: Loaded 54 soul crystal data.
[INFO ] 2020-08-18 15:22:09 Q00350_EnhanceYourWeapon: Loaded 240 npc leveling data.
[INFO ] 2020-08-18 15:22:09 QuestLoader: Loaded 501 quests.
[INFO ] 2020-08-18 15:22:10 AbstractScript: TerritoryWarSuperClass: Siege date: Sun Aug 30 22:00:00 BRT 2020
[INFO ] 2020-08-18 15:22:10 GameServer: -------------------------------------------------=[ Scripts ]
[INFO ] 2020-08-18 15:22:11 ClanHallSiegeEngine: Fortresss of the Dead siege scheduled for 2020-09-01T12:00:00.986-0300.
[INFO ] 2020-08-18 15:22:12 ClanHallSiegeEngine: Beast Farm siege scheduled for 2020-09-01T12:00:00.983-0300.
[INFO ] 2020-08-18 15:22:12 ClanHallSiegeEngine: Rainbow Springs siege scheduled for 2020-09-01T12:00:00.979-0300.
[INFO ] 2020-08-18 15:22:12 ClanHallSiegeEngine: Bandit StrongHold siege scheduled for 2020-09-01T12:00:00.976-0300.
[INFO ] 2020-08-18 15:22:12 ClanHallSiegeEngine: Devastated Castle siege scheduled for 2020-09-01T12:00:00.972-0300.
[INFO ] 2020-08-18 15:22:12 ClanHallSiegeEngine: Fortress of Resistance siege scheduled for 2020-09-01T12:00:00.627-0300.
[INFO ] 2020-08-18 15:22:21 SpawnTable: Loaded 3764 NPC spawns.
[INFO ] 2020-08-18 15:22:22 SpawnTable: Loaded 1190 NPC spawns from XML.
[INFO ] 2020-08-18 15:22:22 DayNightSpawnManager: Removed 0 night creatures.
[INFO ] 2020-08-18 15:22:22 DayNightSpawnManager: Spawned 232 day creatures.
[INFO ] 2020-08-18 15:22:22 FourSepulchersManager: Loaded 20 Mysterious-Box spawns.
[INFO ] 2020-08-18 15:22:22 FourSepulchersManager: Loaded 716 Physical type monsters spawns.
[INFO ] 2020-08-18 15:22:22 FourSepulchersManager: Loaded 716 Magical monsters spawns.
[INFO ] 2020-08-18 15:22:22 FourSepulchersManager: Loaded 92 Church of duke monsters spawns.
[INFO ] 2020-08-18 15:22:22 FourSepulchersManager: Loaded 68 Emperor's Grave spawns.
[INFO ] 2020-08-18 15:22:22 FourSepulchersManager: Spawned Conquerors' Sepulcher Manager.
[INFO ] 2020-08-18 15:22:22 FourSepulchersManager: Spawned Emperors' Sepulcher Manager.
[INFO ] 2020-08-18 15:22:22 FourSepulchersManager: Spawned Great Sages' Sepulcher Manager.
[INFO ] 2020-08-18 15:22:22 FourSepulchersManager: Spawned Judges' Sepulcher Manager.
[INFO ] 2020-08-18 15:22:22 FourSepulchersManager: Beginning in attack time.
[INFO ] 2020-08-18 15:22:22 DimensionalRiftManager: Loaded 7 room types with 56 rooms.
[INFO ] 2020-08-18 15:22:22 DimensionalRiftManager: Loaded 462 Dimensional Rift spawns.
[INFO ] 2020-08-18 15:22:22 GameServer: ---------------------------------------------------=[ Siege ]
[INFO ] 2020-08-18 15:22:22 SiegeScheduleData: Loaded 2 siege schedulers.
[INFO ] 2020-08-18 15:22:22 Siege: Siege of Gludio: 2020-08-30T16:00:00.436-0300.
[INFO ] 2020-08-18 15:22:22 Siege: Siege of Dion: 2020-08-30T16:00:00.456-0300.
[INFO ] 2020-08-18 15:22:22 Siege: Siege of Giran: 2020-08-30T16:00:00.462-0300.
[INFO ] 2020-08-18 15:22:22 Siege: Siege of Oren: 2020-08-30T16:00:00.467-0300.
[INFO ] 2020-08-18 15:22:22 Siege: Siege of Aden: 2020-08-30T16:00:00.476-0300.
[INFO ] 2020-08-18 15:22:22 Siege: Siege of Innadril: 2020-08-30T20:00:00.484-0300.
[INFO ] 2020-08-18 15:22:22 Siege: Siege of Goddard: 2020-08-30T20:00:00.488-0300.
[INFO ] 2020-08-18 15:22:22 Siege: Siege of Rune: 2020-08-30T20:00:00.495-0300.
[INFO ] 2020-08-18 15:22:22 Siege: Siege of Schuttgart: 2020-08-30T20:00:00.522-0300.
[INFO ] 2020-08-18 15:22:22 FortManager: Loaded 21 fortress.
[INFO ] 2020-08-18 15:22:22 CastleManorManager: Loaded 258 seeds.
[INFO ] 2020-08-18 15:22:22 CastleManorManager: Manor data loaded.
[INFO ] 2020-08-18 15:22:23 MercTicketManager: Loaded 0 mercenary tickets.
[INFO ] 2020-08-18 15:22:23 AutoSpawnHandler: Loaded 129 handlers.
[INFO ] 2020-08-18 15:22:23 SevenSignsFestival: The first Festival of Darkness cycle begins in 2 minute(s).
[INFO ] 2020-08-18 15:22:23 FaenorEventParser: Event Id Valentines Event has passed... Ignored.
[INFO ] 2020-08-18 15:22:23 FaenorScriptEngine: Loaded Valentines.xml successfully.
[INFO ] 2020-08-18 15:22:23 TaskManager: Loaded 12 tasks.
[INFO ] 2020-08-18 15:22:23 MailManager: Successfully loaded 0 messages.
[INFO ] 2020-08-18 15:22:23 PunishmentManager: Loaded 0 active and 0 expired punishments.
[INFO ] 2020-08-18 15:22:23 GameServer: Free Object Ids remaining 1879002379.
[INFO ] 2020-08-18 15:22:23 TvTManager: Engine is disabled.
[INFO ] 2020-08-18 15:22:25 GameServer: Started, free memory 378 Mb of 2048 Mb
[INFO ] 2020-08-18 15:22:26 LoginServerThread: Connecting to login server on 127.0.0.1:9014
[INFO ] 2020-08-18 15:22:26 LoginServerThread: Registered on login as Server 1: Bartz
[INFO ] 2020-08-18 15:22:26 GameServer: Now listening on *:7777
[INFO ] 2020-08-18 15:22:27 GameServer: ----------------------------------------------------=[ UPnP ]
[INFO ] 2020-08-18 15:22:27 UPnPService: Looking for UPnP Gateway Devices...
[INFO ] 2020-08-18 15:22:36 UPnPService: No UPnP gateways has been found.
[INFO ] 2020-08-18 15:22:36 GameServer: Telnet server is currently disabled.
[INFO ] 2020-08-18 15:22:36 GameServer: Maximum numbers of connected players 500.
[INFO ] 2020-08-18 15:22:36 GameServer: Server Bartz loaded in 156 seconds.
[INFO ] 2020-08-18 15:30:43 GlobalVariablesManager: Stored 7 variables.
